# JRE version: OpenJDK Runtime Environment (7.0_101) (build 1.7.0_101-b00)
# Java VM: OpenJDK 64-Bit Server VM (24.95-b01 mixed mode linux-amd64 compressed oops)
Heap
 PSYoungGen      total 51712K, used 46852K [0x00000000e1800000, 0x00000000e8500000, 0x0000000100000000)
  eden space 48128K, 90% used [0x00000000e1800000,0x00000000e424d360,0x00000000e4700000)
  from space 3584K, 98% used [0x00000000e4700000,0x00000000e4a74070,0x00000000e4a80000)
  to   space 7680K, 0% used [0x00000000e7d80000,0x00000000e7d80000,0x00000000e8500000)
 ParOldGen       total 62464K, used 7079K [0x00000000a4800000, 0x00000000a8500000, 0x00000000e1800000)
  object space 62464K, 11% used [0x00000000a4800000,0x00000000a4ee9c20,0x00000000a8500000)
 PSPermGen       total 26112K, used 26056K [0x000000009a200000, 0x000000009bb80000, 0x00000000a4800000)
  object space 26112K, 99% used [0x000000009a200000,0x000000009bb720d8,0x000000009bb80000)
GC Heap History (10 events):
Event: 2,380 GC heap before
{Heap before GC invocations=1 (full 0):
 PSYoungGen      total 27648K, used 24064K [0x00000000e1800000, 0x00000000e3680000, 0x0000000100000000)
  eden space 24064K, 100% used [0x00000000e1800000,0x00000000e2f80000,0x00000000e2f80000)
  from space 3584K, 0% used [0x00000000e3300000,0x00000000e3300000,0x00000000e3680000)
  to   space 3584K, 0% used [0x00000000e2f80000,0x00000000e2f80000,0x00000000e3300000)
 ParOldGen       total 62464K, used 0K [0x00000000a4800000, 0x00000000a8500000, 0x00000000e1800000)
  object space 62464K, 0% used [0x00000000a4800000,0x00000000a4800000,0x00000000a8500000)
 PSPermGen       total 21504K, used 18597K [0x000000009a200000, 0x000000009b700000, 0x00000000a4800000)
  object space 21504K, 86% used [0x000000009a200000,0x000000009b429428,0x000000009b700000)
Event: 2,388 GC heap after
Heap after GC invocations=1 (full 0):
 PSYoungGen      total 27648K, used 3575K [0x00000000e1800000, 0x00000000e3680000, 0x0000000100000000)
  eden space 24064K, 0% used [0x00000000e1800000,0x00000000e1800000,0x00000000e2f80000)
  from space 3584K, 99% used [0x00000000e2f80000,0x00000000e32fdf80,0x00000000e3300000)
  to   space 3584K, 0% used [0x00000000e3300000,0x00000000e3300000,0x00000000e3680000)
 ParOldGen       total 62464K, used 1918K [0x00000000a4800000, 0x00000000a8500000, 0x00000000e1800000)
  object space 62464K, 3% used [0x00000000a4800000,0x00000000a49df910,0x00000000a8500000)
 PSPermGen       total 21504K, used 18597K [0x000000009a200000, 0x000000009b700000, 0x00000000a4800000)
  object space 21504K, 86% used [0x000000009a200000,0x000000009b429428,0x000000009b700000)
}
Event: 20,037 GC heap before
{Heap before GC invocations=2 (full 0):
 PSYoungGen      total 27648K, used 27639K [0x00000000e1800000, 0x00000000e3680000, 0x0000000100000000)
  eden space 24064K, 100% used [0x00000000e1800000,0x00000000e2f80000,0x00000000e2f80000)
  from space 3584K, 99% used [0x00000000e2f80000,0x00000000e32fdf80,0x00000000e3300000)
  to   space 3584K, 0% used [0x00000000e3300000,0x00000000e3300000,0x00000000e3680000)
 ParOldGen       total 62464K, used 1918K [0x00000000a4800000, 0x00000000a8500000, 0x00000000e1800000)
  object space 62464K, 3% used [0x00000000a4800000,0x00000000a49df910,0x00000000a8500000)
 PSPermGen       total 22016K, used 22002K [0x000000009a200000, 0x000000009b780000, 0x00000000a4800000)
  object space 22016K, 99% used [0x000000009a200000,0x000000009b77c880,0x000000009b780000)
Event: 20,045 GC heap after
Heap after GC invocations=2 (full 0):
 PSYoungGen      total 27648K, used 3554K [0x00000000e1800000, 0x00000000e3680000, 0x0000000100000000)
  eden space 24064K, 0% used [0x00000000e1800000,0x00000000e1800000,0x00000000e2f80000)
  from space 3584K, 99% used [0x00000000e3300000,0x00000000e3678890,0x00000000e3680000)
  to   space 3584K, 0% used [0x00000000e2f80000,0x00000000e2f80000,0x00000000e3300000)
 ParOldGen       total 62464K, used 4072K [0x00000000a4800000, 0x00000000a8500000, 0x00000000e1800000)
  object space 62464K, 6% used [0x00000000a4800000,0x00000000a4bfa0a8,0x00000000a8500000)
 PSPermGen       total 22016K, used 22002K [0x000000009a200000, 0x000000009b780000, 0x00000000a4800000)
  object space 22016K, 99% used [0x000000009a200000,0x000000009b77c880,0x000000009b780000)
}
Event: 20,346 GC heap before
{Heap before GC invocations=3 (full 0):
 PSYoungGen      total 27648K, used 27618K [0x00000000e1800000, 0x00000000e3680000, 0x0000000100000000)
  eden space 24064K, 100% used [0x00000000e1800000,0x00000000e2f80000,0x00000000e2f80000)
  from space 3584K, 99% used [0x00000000e3300000,0x00000000e3678890,0x00000000e3680000)
  to   space 3584K, 0% used [0x00000000e2f80000,0x00000000e2f80000,0x00000000e3300000)
 ParOldGen       total 62464K, used 4072K [0x00000000a4800000, 0x00000000a8500000, 0x00000000e1800000)
  object space 62464K, 6% used [0x00000000a4800000,0x00000000a4bfa0a8,0x00000000a8500000)
 PSPermGen       total 25600K, used 25344K [0x000000009a200000, 0x000000009bb00000, 0x00000000a4800000)
  object space 25600K, 99% used [0x000000009a200000,0x000000009bac0110,0x000000009bb00000)
Event: 20,358 GC heap after
Heap after GC invocations=3 (full 0):
 PSYoungGen      total 27648K, used 3568K [0x00000000e1800000, 0x00000000e4e00000, 0x0000000100000000)
  eden space 24064K, 0% used [0x00000000e1800000,0x00000000e1800000,0x00000000e2f80000)
  from space 3584K, 99% used [0x00000000e2f80000,0x00000000e32fc070,0x00000000e3300000)
  to   space 3584K, 0% used [0x00000000e4a80000,0x00000000e4a80000,0x00000000e4e00000)
 ParOldGen       total 62464K, used 7079K [0x00000000a4800000, 0x00000000a8500000, 0x00000000e1800000)
  object space 62464K, 11% used [0x00000000a4800000,0x00000000a4ee9c20,0x00000000a8500000)
 PSPermGen       total 25600K, used 25344K [0x000000009a200000, 0x000000009bb00000, 0x00000000a4800000)
  object space 25600K, 99% used [0x000000009a200000,0x000000009bac0110,0x000000009bb00000)
}
Event: 20,462 GC heap before
{Heap before GC invocations=4 (full 0):
 PSYoungGen      total 27648K, used 27632K [0x00000000e1800000, 0x00000000e4e00000, 0x0000000100000000)
  eden space 24064K, 100% used [0x00000000e1800000,0x00000000e2f80000,0x00000000e2f80000)
  from space 3584K, 99% used [0x00000000e2f80000,0x00000000e32fc070,0x00000000e3300000)
  to   space 3584K, 0% used [0x00000000e4a80000,0x00000000e4a80000,0x00000000e4e00000)
 ParOldGen       total 62464K, used 7079K [0x00000000a4800000, 0x00000000a8500000, 0x00000000e1800000)
  object space 62464K, 11% used [0x00000000a4800000,0x00000000a4ee9c20,0x00000000a8500000)
 PSPermGen       total 25600K, used 25351K [0x000000009a200000, 0x000000009bb00000, 0x00000000a4800000)
  object space 25600K, 99% used [0x000000009a200000,0x000000009bac1f10,0x000000009bb00000)
Event: 20,470 GC heap after
Heap after GC invocations=4 (full 0):
 PSYoungGen      total 51712K, used 3568K [0x00000000e1800000, 0x00000000e4e00000, 0x0000000100000000)
  eden space 48128K, 0% used [0x00000000e1800000,0x00000000e1800000,0x00000000e4700000)
  from space 3584K, 99% used [0x00000000e4a80000,0x00000000e4dfc050,0x00000000e4e00000)
  to   space 3584K, 0% used [0x00000000e4700000,0x00000000e4700000,0x00000000e4a80000)
 ParOldGen       total 62464K, used 7079K [0x00000000a4800000, 0x00000000a8500000, 0x00000000e1800000)
  object space 62464K, 11% used [0x00000000a4800000,0x00000000a4ee9c20,0x00000000a8500000)
 PSPermGen       total 25600K, used 25351K [0x000000009a200000, 0x000000009bb00000, 0x00000000a4800000)
  object space 25600K, 99% used [0x000000009a200000,0x000000009bac1f10,0x000000009bb00000)
}
Event: 20,597 GC heap before
{Heap before GC invocations=5 (full 0):
 PSYoungGen      total 51712K, used 51696K [0x00000000e1800000, 0x00000000e4e00000, 0x0000000100000000)
  eden space 48128K, 100% used [0x00000000e1800000,0x00000000e4700000,0x00000000e4700000)
  from space 3584K, 99% used [0x00000000e4a80000,0x00000000e4dfc050,0x00000000e4e00000)
  to   space 3584K, 0% used [0x00000000e4700000,0x00000000e4700000,0x00000000e4a80000)
 ParOldGen       total 62464K, used 7079K [0x00000000a4800000, 0x00000000a8500000, 0x00000000e1800000)
  object space 62464K, 11% used [0x00000000a4800000,0x00000000a4ee9c20,0x00000000a8500000)
 PSPermGen       total 25600K, used 25353K [0x000000009a200000, 0x000000009bb00000, 0x00000000a4800000)
  object space 25600K, 99% used [0x000000009a200000,0x000000009bac2658,0x000000009bb00000)
Event: 20,603 GC heap after
Heap after GC invocations=5 (full 0):
 PSYoungGen      total 51712K, used 3536K [0x00000000e1800000, 0x00000000e8500000, 0x0000000100000000)
  eden space 48128K, 0% used [0x00000000e1800000,0x00000000e1800000,0x00000000e4700000)
  from space 3584K, 98% used [0x00000000e4700000,0x00000000e4a74070,0x00000000e4a80000)
  to   space 7680K, 0% used [0x00000000e7d80000,0x00000000e7d80000,0x00000000e8500000)
 ParOldGen       total 62464K, used 7079K [0x00000000a4800000, 0x00000000a8500000, 0x00000000e1800000)
  object space 62464K, 11% used [0x00000000a4800000,0x00000000a4ee9c20,0x00000000a8500000)
 PSPermGen       total 25600K, used 25353K [0x000000009a200000, 0x000000009bb00000, 0x00000000a4800000)
  object space 25600K, 99% used [0x000000009a200000,0x000000009bac2658,0x000000009bb00000)
}

